<?xml version="1.0" encoding="UTF-8"?>
<testng-results ignored="0" total="2" passed="2" failed="0" skipped="0">
  <reporter-output>
  </reporter-output>
  <suite started-at="2023-01-10T12:30:23 IST" name="Suite" finished-at="2023-01-10T12:30:36 IST" duration-ms="12799">
    <groups>
      <group name="regression">
        <method signature="SwagLabPurchaseTest.printElements()[pri:0, instance:swagproducts.SwagLabPurchaseTest@4b741d6d]" name="printElements" class="swagproducts.SwagLabPurchaseTest"/>
      </group> <!-- regression -->
      <group name="smoke">
        <method signature="SwagLabPurchaseTest.swagPurchase()[pri:0, instance:swagproducts.SwagLabPurchaseTest@4b741d6d]" name="swagPurchase" class="swagproducts.SwagLabPurchaseTest"/>
      </group> <!-- smoke -->
    </groups>
    <test started-at="2023-01-10T12:30:23 IST" name="Test" finished-at="2023-01-10T12:30:36 IST" duration-ms="12799">
      <class name="swagproducts.SwagLabPurchaseTest">
        <test-method is-config="true" signature="browserLaunch()[pri:0, instance:swagproducts.SwagLabPurchaseTest@4b741d6d]" started-at="2023-01-10T12:30:23 IST" name="browserLaunch" finished-at="2023-01-10T12:30:31 IST" duration-ms="7822" status="PASS">
          <reporter-output>
          </reporter-output>
        </test-method> <!-- browserLaunch -->
        <test-method is-config="true" signature="login()[pri:0, instance:swagproducts.SwagLabPurchaseTest@4b741d6d]" started-at="2023-01-10T12:30:31 IST" name="login" finished-at="2023-01-10T12:30:32 IST" duration-ms="534" status="PASS">
          <reporter-output>
          </reporter-output>
        </test-method> <!-- login -->
        <test-method signature="printElements()[pri:0, instance:swagproducts.SwagLabPurchaseTest@4b741d6d]" started-at="2023-01-10T12:30:32 IST" name="printElements" finished-at="2023-01-10T12:30:32 IST" duration-ms="209" status="PASS">
          <reporter-output>
          </reporter-output>
        </test-method> <!-- printElements -->
        <test-method is-config="true" signature="logout()[pri:0, instance:swagproducts.SwagLabPurchaseTest@4b741d6d]" started-at="2023-01-10T12:30:32 IST" name="logout" finished-at="2023-01-10T12:30:33 IST" duration-ms="856" status="PASS">
          <reporter-output>
          </reporter-output>
        </test-method> <!-- logout -->
        <test-method is-config="true" signature="login()[pri:0, instance:swagproducts.SwagLabPurchaseTest@4b741d6d]" started-at="2023-01-10T12:30:33 IST" name="login" finished-at="2023-01-10T12:30:33 IST" duration-ms="396" status="PASS">
          <reporter-output>
          </reporter-output>
        </test-method> <!-- login -->
        <test-method signature="swagPurchase()[pri:0, instance:swagproducts.SwagLabPurchaseTest@4b741d6d]" started-at="2023-01-10T12:30:33 IST" name="swagPurchase" finished-at="2023-01-10T12:30:36 IST" duration-ms="2301" status="PASS">
          <reporter-output>
          </reporter-output>
        </test-method> <!-- swagPurchase -->
        <test-method is-config="true" signature="logout()[pri:0, instance:swagproducts.SwagLabPurchaseTest@4b741d6d]" started-at="2023-01-10T12:30:36 IST" name="logout" finished-at="2023-01-10T12:30:36 IST" duration-ms="572" status="PASS">
          <reporter-output>
          </reporter-output>
        </test-method> <!-- logout -->
        <test-method is-config="true" signature="closeBrowser()[pri:0, instance:swagproducts.SwagLabPurchaseTest@4b741d6d]" started-at="2023-01-10T12:30:36 IST" name="closeBrowser" finished-at="2023-01-10T12:30:36 IST" duration-ms="1" status="PASS">
          <reporter-output>
          </reporter-output>
        </test-method> <!-- closeBrowser -->
      </class> <!-- swagproducts.SwagLabPurchaseTest -->
    </test> <!-- Test -->
  </suite> <!-- Suite -->
</testng-results>
