<?xml version="1.0" encoding="UTF-8"?>
<testng-results ignored="0" total="2" passed="2" failed="0" skipped="0">
  <reporter-output>
  </reporter-output>
  <suite started-at="2023-01-10T11:00:18 IST" name="Default suite" finished-at="2023-01-10T11:00:31 IST" duration-ms="12374">
    <groups>
    </groups>
    <test started-at="2023-01-10T11:00:18 IST" name="Default test" finished-at="2023-01-10T11:00:31 IST" duration-ms="12374">
      <class name="swagproducts.SwagLabPurchaseTest">
        <test-method is-config="true" signature="browserLaunch()[pri:0, instance:swagproducts.SwagLabPurchaseTest@350aac89]" started-at="2023-01-10T11:00:18 IST" name="browserLaunch" finished-at="2023-01-10T11:00:26 IST" duration-ms="7547" status="PASS">
          <reporter-output>
          </reporter-output>
        </test-method> <!-- browserLaunch -->
        <test-method is-config="true" signature="login()[pri:0, instance:swagproducts.SwagLabPurchaseTest@350aac89]" started-at="2023-01-10T11:00:26 IST" name="login" finished-at="2023-01-10T11:00:27 IST" duration-ms="563" status="PASS">
          <reporter-output>
          </reporter-output>
        </test-method> <!-- login -->
        <test-method signature="printElements()[pri:0, instance:swagproducts.SwagLabPurchaseTest@350aac89]" started-at="2023-01-10T11:00:27 IST" name="printElements" finished-at="2023-01-10T11:00:27 IST" duration-ms="599" status="PASS">
          <reporter-output>
          </reporter-output>
        </test-method> <!-- printElements -->
        <test-method is-config="true" signature="logout()[pri:0, instance:swagproducts.SwagLabPurchaseTest@350aac89]" started-at="2023-01-10T11:00:27 IST" name="logout" finished-at="2023-01-10T11:00:28 IST" duration-ms="915" status="PASS">
          <reporter-output>
          </reporter-output>
        </test-method> <!-- logout -->
        <test-method is-config="true" signature="login()[pri:0, instance:swagproducts.SwagLabPurchaseTest@350aac89]" started-at="2023-01-10T11:00:28 IST" name="login" finished-at="2023-01-10T11:00:29 IST" duration-ms="418" status="PASS">
          <reporter-output>
          </reporter-output>
        </test-method> <!-- login -->
        <test-method signature="swagPurchase()[pri:0, instance:swagproducts.SwagLabPurchaseTest@350aac89]" started-at="2023-01-10T11:00:29 IST" name="swagPurchase" finished-at="2023-01-10T11:00:31 IST" duration-ms="2035" status="PASS">
          <reporter-output>
          </reporter-output>
        </test-method> <!-- swagPurchase -->
        <test-method is-config="true" signature="logout()[pri:0, instance:swagproducts.SwagLabPurchaseTest@350aac89]" started-at="2023-01-10T11:00:31 IST" name="logout" finished-at="2023-01-10T11:00:31 IST" duration-ms="175" status="PASS">
          <reporter-output>
          </reporter-output>
        </test-method> <!-- logout -->
        <test-method is-config="true" signature="closeBrowser()[pri:0, instance:swagproducts.SwagLabPurchaseTest@350aac89]" started-at="2023-01-10T11:00:31 IST" name="closeBrowser" finished-at="2023-01-10T11:00:31 IST" duration-ms="1" status="PASS">
          <reporter-output>
          </reporter-output>
        </test-method> <!-- closeBrowser -->
      </class> <!-- swagproducts.SwagLabPurchaseTest -->
    </test> <!-- Default test -->
  </suite> <!-- Default suite -->
</testng-results>
